<?xml version="1.0" encoding="UTF-8"?>
<!-- Generated by org.testng.reporters.JUnitXMLReporter -->
<testsuite ignored="0" hostname="raghav-Acer-One-14-Z8-415" failures="0" tests="7" name="my tests" time="12.753" errors="0" timestamp="2024-08-23T18:37:32 IST">
  <testcase classname="TestngC42.TngFirst" name="openapp" time="0.02"/>
  <testcase classname="TestngC42.TngFirst" name="login" time="0.003"/>
  <testcase classname="TestngC42.TngFirst" name="logout" time="0.002"/>
  <testcase classname="TestngC42.OrangeHMTest" name="OpenApp" time="9.228"/>
  <testcase classname="TestngC42.OrangeHMTest" name="LogoTest" time="3.064"/>
  <testcase classname="TestngC42.OrangeHMTest" name="Login" time="0.279"/>
  <testcase classname="TestngC42.OrangeHMTest" name="Close" time="0.103"/>
</testsuite> <!-- my tests -->
