<?xml version="1.0" encoding="UTF-8"?>
<!-- Generated by org.testng.reporters.JUnitXMLReporter -->
<testsuite ignored="2" hostname="raghav-Acer-One-14-Z8-415" failures="0" tests="1" name="Default test" time="14.384" errors="0" timestamp="2024-09-12T12:07:10 IST">
  <testcase classname="SuregSdet8.TestCases" name="OpenApp" time="14.349"/>
  <testcase classname="SuregSdet8.TestCases" name="open3" time="0.0">
    <ignored/>
  </testcase> <!-- open3 -->
  <testcase classname="SuregSdet8.TestCases" name="open" time="0.0">
    <ignored/>
  </testcase> <!-- open -->
</testsuite> <!-- Default test -->
