<?xml version="1.0" encoding="UTF-8"?>
<!-- Generated by org.testng.reporters.JUnitXMLReporter -->
<testsuite ignored="6" hostname="raghav-Acer-One-14-Z8-415" failures="0" tests="2" name="Grouping" time="0.046" errors="0" timestamp="2024-09-03T18:05:57 IST">
  <testcase classname="Testngc44.PaymentTests" name="GitPayment" time="0.012"/>
  <testcase classname="Testngc44.PaymentTests" name="HousePayment" time="0.001"/>
  <testcase classname="Testngc44.SignupTests" name="WhtasappSignup" time="0.0">
    <ignored/>
  </testcase> <!-- WhtasappSignup -->
  <testcase classname="Testngc44.SignupTests" name="SignupInstagram" time="0.0">
    <ignored/>
  </testcase> <!-- SignupInstagram -->
  <testcase classname="Testngc44.LoginTests" name="facebooklogin" time="0.0">
    <ignored/>
  </testcase> <!-- facebooklogin -->
  <testcase classname="Testngc44.LoginTests" name="Rubylogin" time="0.0">
    <ignored/>
  </testcase> <!-- Rubylogin -->
  <testcase classname="Testngc44.LoginTests" name="Udemylogin" time="0.0">
    <ignored/>
  </testcase> <!-- Udemylogin -->
  <testcase classname="Testngc44.SignupTests" name="SignupFacebook" time="0.0">
    <ignored/>
  </testcase> <!-- SignupFacebook -->
</testsuite> <!-- Grouping -->
