<?xml version="1.0" encoding="UTF-8"?>
<!-- Generated by org.testng.reporters.JUnitXMLReporter -->
<testsuite ignored="0" hostname="raghav-Acer-One-14-Z8-415" failures="0" tests="3" name="Orangeusersearch" time="22.34" errors="0" timestamp="2024-09-12T00:17:10 IST">
  <testcase classname="SuregSdet8.TestCases" name="OpenApp" time="18.302"/>
  <testcase classname="SuregSdet8.TestCases" name="open" time="2.002"/>
  <testcase classname="SuregSdet8.TestCases" name="open3" time="2.001"/>
</testsuite> <!-- Orangeusersearch -->
