<?xml version="1.0" encoding="UTF-8"?>
<testng-results ignored="2" total="3" passed="1" failed="0" skipped="0">
  <reporter-output>
  </reporter-output>
  <suite started-at="2024-09-12T12:06:55 IST" name="Default suite" finished-at="2024-09-12T12:07:10 IST" duration-ms="14384">
    <groups>
    </groups>
    <test started-at="2024-09-12T12:06:55 IST" name="Default test" finished-at="2024-09-12T12:07:10 IST" duration-ms="14384">
      <class name="SuregSdet8.TestCases">
        <test-method signature="OpenApp()[pri:0, instance:SuregSdet8.TestCases@434a63ab]" started-at="2024-09-12T12:06:55 IST" name="OpenApp" finished-at="2024-09-12T12:07:10 IST" duration-ms="14349" status="PASS">
          <reporter-output>
          </reporter-output>
        </test-method> <!-- OpenApp -->
      </class> <!-- SuregSdet8.TestCases -->
    </test> <!-- Default test -->
  </suite> <!-- Default suite -->
</testng-results>
